2002.08.23 23:36 B D:\JAEGER LUMBER\_private\AUTHLTR.pdf <-- Jaeger Lumber /_private AUTHLTR.pdf
2002.08.23 23:36 B D:\JAEGER LUMBER\_private\CashApp.pdf <-- Jaeger Lumber /_private CashApp.pdf
2002.08.23 23:36 B D:\JAEGER LUMBER\_private\CreditApp.PDF <-- Jaeger Lumber /_private CreditApp.PDF
2002.08.23 23:36 B D:\JAEGER LUMBER\_private\Junior League Jaeger ad.doc <-- Jaeger Lumber /_private Junior League Jaeger ad.doc
2002.08.23 23:36 B D:\JAEGER LUMBER\_private\overhang_1.jpg <-- Jaeger Lumber /_private overhang_1.jpg
2002.08.23 23:36 B D:\JAEGER LUMBER\_private\password test.xls <-- Jaeger Lumber /_private password test.xls
2002.08.23 23:36 B D:\JAEGER LUMBER\_private\racks.jpg <-- Jaeger Lumber /_private racks.jpg
2002.08.23 23:36 B D:\JAEGER LUMBER\_private\racks2.jpg <-- Jaeger Lumber /_private racks2.jpg
2002.08.23 23:36 B D:\JAEGER LUMBER\_private\Tarp_wall_1.jpg <-- Jaeger Lumber /_private Tarp_wall_1.jpg
2002.08.23 23:36 B D:\JAEGER LUMBER\_private\Tarp_wall_2_jpg.jpg <-- Jaeger Lumber /_private Tarp_wall_2_jpg.jpg
2002.08.23 23:36 B D:\JAEGER LUMBER\_private\Tarp_wall_3_jpg.jpg <-- Jaeger Lumber /_private Tarp_wall_3_jpg.jpg
2002.08.23 23:36 B D:\JAEGER LUMBER\_private\Tarp_wall_4_jpg.jpg <-- Jaeger Lumber /_private Tarp_wall_4_jpg.jpg
2002.10.01 21:10 B D:\JAEGER LUMBER\Jaegerlumber web site\_private\AUTHLTR.pdf --> www.jaegerlumber.com /public_html/_private AUTHLTR.pdf
2002.10.01 21:10 B D:\JAEGER LUMBER\Jaegerlumber web site\_private\CashApp.pdf --> www.jaegerlumber.com /public_html/_private CashApp.pdf
2002.10.01 21:10 B D:\JAEGER LUMBER\Jaegerlumber web site\_private\CreditApp.PDF --> www.jaegerlumber.com /public_html/_private CreditApp.PDF
2002.10.01 21:10 B D:\JAEGER LUMBER\Jaegerlumber web site\_private\Junior League Jaeger ad.doc --> www.jaegerlumber.com /public_html/_private Junior League Jaeger ad.doc
2002.10.01 21:10 B D:\JAEGER LUMBER\Jaegerlumber web site\_private\overhang_1.jpg --> www.jaegerlumber.com /public_html/_private overhang_1.jpg
2002.10.01 21:10 B D:\JAEGER LUMBER\Jaegerlumber web site\_private\password test.xls --> www.jaegerlumber.com /public_html/_private password test.xls
2002.10.01 21:10 B D:\JAEGER LUMBER\Jaegerlumber web site\_private\racks.jpg --> www.jaegerlumber.com /public_html/_private racks.jpg
2002.10.01 21:11 B D:\JAEGER LUMBER\Jaegerlumber web site\_private\racks2.jpg --> www.jaegerlumber.com /public_html/_private racks2.jpg
2002.10.01 21:11 B D:\JAEGER LUMBER\Jaegerlumber web site\_private\Tarp_wall_1.jpg --> www.jaegerlumber.com /public_html/_private Tarp_wall_1.jpg
2002.10.01 21:11 B D:\JAEGER LUMBER\Jaegerlumber web site\_private\Tarp_wall_2_jpg.jpg --> www.jaegerlumber.com /public_html/_private Tarp_wall_2_jpg.jpg
2002.10.01 21:11 B D:\JAEGER LUMBER\Jaegerlumber web site\_private\Tarp_wall_3_jpg.jpg --> www.jaegerlumber.com /public_html/_private Tarp_wall_3_jpg.jpg
2002.10.01 21:11 B D:\JAEGER LUMBER\Jaegerlumber web site\_private\Tarp_wall_4_jpg.jpg --> www.jaegerlumber.com /public_html/_private Tarp_wall_4_jpg.jpg
