2002.08.26 22:40 B d:\jaeger lumber\_borders\about.gif <-- Jaeger Lumber /_borders about.gif
2002.08.26 22:40 B d:\jaeger lumber\_borders\andersen.gif <-- Jaeger Lumber /_borders andersen.gif
2002.08.26 22:40 B d:\jaeger lumber\_borders\back.jpg <-- Jaeger Lumber /_borders back.jpg
2002.08.26 22:40 B d:\jaeger lumber\_borders\bottom.htm <-- Jaeger Lumber /_borders bottom.htm
2002.08.26 22:40 B d:\jaeger lumber\_borders\clopayphoto.gif <-- Jaeger Lumber /_borders clopayphoto.gif
2002.08.26 22:40 B d:\jaeger lumber\_borders\cloplogo.gif <-- Jaeger Lumber /_borders cloplogo.gif
2002.08.26 22:40 B d:\jaeger lumber\_borders\cwp_fr4.jpg <-- Jaeger Lumber /_borders cwp_fr4.jpg
2002.08.26 22:40 B d:\jaeger lumber\_borders\dealer.gif <-- Jaeger Lumber /_borders dealer.gif
2002.08.26 22:40 B d:\jaeger lumber\_borders\defaul1.jpg <-- Jaeger Lumber /_borders defaul1.jpg
2002.08.26 22:40 B d:\jaeger lumber\_borders\Door b1.jpg <-- Jaeger Lumber /_borders Door b1.jpg
2002.08.26 22:40 B d:\jaeger lumber\_borders\elm.gif <-- Jaeger Lumber /_borders elm.gif
2002.08.26 22:40 B d:\jaeger lumber\_borders\elm.ht2.jpg <-- Jaeger Lumber /_borders elm.ht2.jpg
2002.08.26 22:40 B d:\jaeger lumber\_borders\front.gif <-- Jaeger Lumber /_borders front.gif
2002.08.26 22:40 B d:\jaeger lumber\_borders\gallery.gif <-- Jaeger Lumber /_borders gallery.gif
2002.08.26 22:40 B d:\jaeger lumber\_borders\Ideal 1.jpg <-- Jaeger Lumber /_borders Ideal 1.jpg
2002.08.26 22:40 B d:\jaeger lumber\_borders\index.1.jpg <-- Jaeger Lumber /_borders index.1.jpg
2002.08.26 22:40 B d:\jaeger lumber\_borders\index.2.jpg <-- Jaeger Lumber /_borders index.2.jpg
2002.08.26 22:40 B d:\jaeger lumber\_borders\index.3.jpg <-- Jaeger Lumber /_borders index.3.jpg
2002.08.26 22:40 B d:\jaeger lumber\_borders\index.4.jpg <-- Jaeger Lumber /_borders index.4.jpg
2002.08.26 22:40 B d:\jaeger lumber\_borders\info.gif <-- Jaeger Lumber /_borders info.gif
2002.08.26 22:40 B d:\jaeger lumber\_borders\jaeglogo.gif <-- Jaeger Lumber /_borders jaeglogo.gif
2002.08.26 22:40 B d:\jaeger lumber\_borders\jaeglogo.jpg <-- Jaeger Lumber /_borders jaeglogo.jpg
2002.08.26 22:40 B d:\jaeger lumber\_borders\Jguysmall.jpg <-- Jaeger Lumber /_borders Jguysmall.jpg
2002.08.26 22:40 B d:\jaeger lumber\_borders\kemper1.jpg <-- Jaeger Lumber /_borders kemper1.jpg
2002.08.26 22:40 B d:\jaeger lumber\_borders\kemplogo.gif <-- Jaeger Lumber /_borders kemplogo.gif
2002.08.26 22:40 B d:\jaeger lumber\_borders\kml ba1.jpg <-- Jaeger Lumber /_borders kml ba1.jpg
2002.08.26 22:40 B d:\jaeger lumber\_borders\Kolbe 1.jpg <-- Jaeger Lumber /_borders Kolbe 1.jpg
2002.08.26 22:40 B d:\jaeger lumber\_borders\left.htm <-- Jaeger Lumber /_borders left.htm
2002.08.26 22:40 B d:\jaeger lumber\_borders\logo.gif <-- Jaeger Lumber /_borders logo.gif
2002.08.26 22:40 B d:\jaeger lumber\_borders\prod021.jpg <-- Jaeger Lumber /_borders prod021.jpg
2002.08.26 22:40 B d:\jaeger lumber\_borders\prod022.jpg <-- Jaeger Lumber /_borders prod022.jpg
2002.08.26 22:40 B d:\jaeger lumber\_borders\prod033.jpg <-- Jaeger Lumber /_borders prod033.jpg
2002.08.26 22:40 B d:\jaeger lumber\_borders\prod034.jpg <-- Jaeger Lumber /_borders prod034.jpg
2002.08.26 22:40 B d:\jaeger lumber\_borders\prod035.jpg <-- Jaeger Lumber /_borders prod035.jpg
2002.08.26 22:40 B d:\jaeger lumber\_borders\prod036.jpg <-- Jaeger Lumber /_borders prod036.jpg
2002.08.26 22:40 B d:\jaeger lumber\_borders\prod037.jpg <-- Jaeger Lumber /_borders prod037.jpg
2002.08.26 22:40 B d:\jaeger lumber\_borders\prod038.jpg <-- Jaeger Lumber /_borders prod038.jpg
2002.08.26 22:40 B d:\jaeger lumber\_borders\produc1.jpg <-- Jaeger Lumber /_borders produc1.jpg
2002.08.26 22:40 B d:\jaeger lumber\_borders\produc10.jpg <-- Jaeger Lumber /_borders produc10.jpg
2002.08.26 22:40 B d:\jaeger lumber\_borders\produc11.jpg <-- Jaeger Lumber /_borders produc11.jpg
2002.08.26 22:40 B d:\jaeger lumber\_borders\produc12.jpg <-- Jaeger Lumber /_borders produc12.jpg
2002.08.26 22:40 B d:\jaeger lumber\_borders\produc13.jpg <-- Jaeger Lumber /_borders produc13.jpg
2002.08.26 22:40 B d:\jaeger lumber\_borders\produc14.jpg <-- Jaeger Lumber /_borders produc14.jpg
2002.08.26 22:40 B d:\jaeger lumber\_borders\produc2.jpg <-- Jaeger Lumber /_borders produc2.jpg
2002.08.26 22:40 B d:\jaeger lumber\_borders\produc3.jpg <-- Jaeger Lumber /_borders produc3.jpg
2002.08.26 22:40 B d:\jaeger lumber\_borders\produc4.jpg <-- Jaeger Lumber /_borders produc4.jpg
2002.08.26 22:40 B d:\jaeger lumber\_borders\produc5.jpg <-- Jaeger Lumber /_borders produc5.jpg
2002.08.26 22:40 B d:\jaeger lumber\_borders\produc6.jpg <-- Jaeger Lumber /_borders produc6.jpg
2002.08.26 22:40 B d:\jaeger lumber\_borders\produc7.jpg <-- Jaeger Lumber /_borders produc7.jpg
2002.08.26 22:40 B d:\jaeger lumber\_borders\produc8.jpg <-- Jaeger Lumber /_borders produc8.jpg
2002.08.26 22:40 B d:\jaeger lumber\_borders\produc9.jpg <-- Jaeger Lumber /_borders produc9.jpg
2002.08.26 22:40 B d:\jaeger lumber\_borders\serv011.jpg <-- Jaeger Lumber /_borders serv011.jpg
2002.08.26 22:41 B d:\jaeger lumber\_borders\serv012.jpg <-- Jaeger Lumber /_borders serv012.jpg
2002.08.26 22:41 B d:\jaeger lumber\_borders\serv013.jpg <-- Jaeger Lumber /_borders serv013.jpg
2002.08.26 22:41 B d:\jaeger lumber\_borders\serv021.jpg <-- Jaeger Lumber /_borders serv021.jpg
2002.08.26 22:41 B d:\jaeger lumber\_borders\shield.gif <-- Jaeger Lumber /_borders shield.gif
2002.08.26 22:41 B d:\jaeger lumber\_borders\simpson_small.gif <-- Jaeger Lumber /_borders simpson_small.gif
2002.08.26 22:41 B d:\jaeger lumber\_borders\top.ht1.jpg <-- Jaeger Lumber /_borders top.ht1.jpg
2002.08.26 22:41 B d:\jaeger lumber\_borders\top.ht15.jpg <-- Jaeger Lumber /_borders top.ht15.jpg
2002.08.26 22:41 B d:\jaeger lumber\_borders\top.ht16.jpg <-- Jaeger Lumber /_borders top.ht16.jpg
2002.08.26 22:41 B d:\jaeger lumber\_borders\top.htm <-- Jaeger Lumber /_borders top.htm
2002.08.26 22:41 B d:\jaeger lumber\_borders\velux.gif <-- Jaeger Lumber /_borders velux.gif
2002.08.26 22:41 B d:\jaeger lumber\_borders\weathe1.jpg <-- Jaeger Lumber /_borders weathe1.jpg
2002.08.26 22:41 B d:\jaeger lumber\_borders\weather3.gif <-- Jaeger Lumber /_borders weather3.gif
2002.08.26 22:41 B d:\jaeger lumber\_borders\x03.jpg <-- Jaeger Lumber /_borders x03.jpg
2002.10.01 21:12 B D:\JAEGER LUMBER\Jaegerlumber web site\_borders\about.gif --> www.jaegerlumber.com /public_html/_borders about.gif
2002.10.01 21:12 B D:\JAEGER LUMBER\Jaegerlumber web site\_borders\andersen.gif --> www.jaegerlumber.com /public_html/_borders andersen.gif
2002.10.01 21:12 B D:\JAEGER LUMBER\Jaegerlumber web site\_borders\back.jpg --> www.jaegerlumber.com /public_html/_borders back.jpg
2002.10.01 21:12 B D:\JAEGER LUMBER\Jaegerlumber web site\_borders\bottom.htm --> www.jaegerlumber.com /public_html/_borders bottom.htm
2002.10.01 21:13 B D:\JAEGER LUMBER\Jaegerlumber web site\_borders\clopayphoto.gif --> www.jaegerlumber.com /public_html/_borders clopayphoto.gif
2002.10.01 21:13 B D:\JAEGER LUMBER\Jaegerlumber web site\_borders\cloplogo.gif --> www.jaegerlumber.com /public_html/_borders cloplogo.gif
2002.10.01 21:13 B D:\JAEGER LUMBER\Jaegerlumber web site\_borders\cwp_fr4.jpg --> www.jaegerlumber.com /public_html/_borders cwp_fr4.jpg
2002.10.01 21:13 B D:\JAEGER LUMBER\Jaegerlumber web site\_borders\dealer.gif --> www.jaegerlumber.com /public_html/_borders dealer.gif
2002.10.01 21:13 B D:\JAEGER LUMBER\Jaegerlumber web site\_borders\defaul1.jpg --> www.jaegerlumber.com /public_html/_borders defaul1.jpg
2002.10.01 21:13 B D:\JAEGER LUMBER\Jaegerlumber web site\_borders\Door b1.jpg --> www.jaegerlumber.com /public_html/_borders Door b1.jpg
2002.10.01 21:13 B D:\JAEGER LUMBER\Jaegerlumber web site\_borders\elm.gif --> www.jaegerlumber.com /public_html/_borders elm.gif
2002.10.01 21:13 B D:\JAEGER LUMBER\Jaegerlumber web site\_borders\elm.ht2.jpg --> www.jaegerlumber.com /public_html/_borders elm.ht2.jpg
2002.10.01 21:13 B D:\JAEGER LUMBER\Jaegerlumber web site\_borders\front.gif --> www.jaegerlumber.com /public_html/_borders front.gif
2002.10.01 21:13 B D:\JAEGER LUMBER\Jaegerlumber web site\_borders\gallery.gif --> www.jaegerlumber.com /public_html/_borders gallery.gif
2002.10.01 21:13 B D:\JAEGER LUMBER\Jaegerlumber web site\_borders\Ideal 1.jpg --> www.jaegerlumber.com /public_html/_borders Ideal 1.jpg
2002.10.01 21:13 B D:\JAEGER LUMBER\Jaegerlumber web site\_borders\index.1.jpg --> www.jaegerlumber.com /public_html/_borders index.1.jpg
2002.10.01 21:13 B D:\JAEGER LUMBER\Jaegerlumber web site\_borders\index.2.jpg --> www.jaegerlumber.com /public_html/_borders index.2.jpg
2002.10.01 21:13 B D:\JAEGER LUMBER\Jaegerlumber web site\_borders\index.3.jpg --> www.jaegerlumber.com /public_html/_borders index.3.jpg
2002.10.01 21:13 B D:\JAEGER LUMBER\Jaegerlumber web site\_borders\index.4.jpg --> www.jaegerlumber.com /public_html/_borders index.4.jpg
2002.10.01 21:13 B D:\JAEGER LUMBER\Jaegerlumber web site\_borders\info.gif --> www.jaegerlumber.com /public_html/_borders info.gif
2002.10.01 21:13 B D:\JAEGER LUMBER\Jaegerlumber web site\_borders\jaeglogo.gif --> www.jaegerlumber.com /public_html/_borders jaeglogo.gif
2002.10.01 21:13 B D:\JAEGER LUMBER\Jaegerlumber web site\_borders\jaeglogo.jpg --> www.jaegerlumber.com /public_html/_borders jaeglogo.jpg
2002.10.01 21:13 B D:\JAEGER LUMBER\Jaegerlumber web site\_borders\Jguysmall.jpg --> www.jaegerlumber.com /public_html/_borders Jguysmall.jpg
2002.10.01 21:13 B D:\JAEGER LUMBER\Jaegerlumber web site\_borders\kemper1.jpg --> www.jaegerlumber.com /public_html/_borders kemper1.jpg
2002.10.01 21:13 B D:\JAEGER LUMBER\Jaegerlumber web site\_borders\kemplogo.gif --> www.jaegerlumber.com /public_html/_borders kemplogo.gif
2002.10.01 21:13 B D:\JAEGER LUMBER\Jaegerlumber web site\_borders\kml ba1.jpg --> www.jaegerlumber.com /public_html/_borders kml ba1.jpg
2002.10.01 21:13 B D:\JAEGER LUMBER\Jaegerlumber web site\_borders\Kolbe 1.jpg --> www.jaegerlumber.com /public_html/_borders Kolbe 1.jpg
2002.10.01 21:13 B D:\JAEGER LUMBER\Jaegerlumber web site\_borders\left.htm --> www.jaegerlumber.com /public_html/_borders left.htm
2002.10.01 21:13 B D:\JAEGER LUMBER\Jaegerlumber web site\_borders\logo.gif --> www.jaegerlumber.com /public_html/_borders logo.gif
2002.10.01 21:14 B D:\JAEGER LUMBER\Jaegerlumber web site\_borders\prod021.jpg --> www.jaegerlumber.com /public_html/_borders prod021.jpg
2002.10.01 21:14 B D:\JAEGER LUMBER\Jaegerlumber web site\_borders\prod022.jpg --> www.jaegerlumber.com /public_html/_borders prod022.jpg
2002.10.01 21:14 B D:\JAEGER LUMBER\Jaegerlumber web site\_borders\prod033.jpg --> www.jaegerlumber.com /public_html/_borders prod033.jpg
2002.10.01 21:14 B D:\JAEGER LUMBER\Jaegerlumber web site\_borders\prod034.jpg --> www.jaegerlumber.com /public_html/_borders prod034.jpg
2002.10.01 21:14 B D:\JAEGER LUMBER\Jaegerlumber web site\_borders\prod035.jpg --> www.jaegerlumber.com /public_html/_borders prod035.jpg
2002.10.01 21:14 B D:\JAEGER LUMBER\Jaegerlumber web site\_borders\prod036.jpg --> www.jaegerlumber.com /public_html/_borders prod036.jpg
2002.10.01 21:14 B D:\JAEGER LUMBER\Jaegerlumber web site\_borders\prod037.jpg --> www.jaegerlumber.com /public_html/_borders prod037.jpg
2002.10.01 21:14 B D:\JAEGER LUMBER\Jaegerlumber web site\_borders\prod038.jpg --> www.jaegerlumber.com /public_html/_borders prod038.jpg
2002.10.01 21:14 B D:\JAEGER LUMBER\Jaegerlumber web site\_borders\produc1.jpg --> www.jaegerlumber.com /public_html/_borders produc1.jpg
2002.10.01 21:14 B D:\JAEGER LUMBER\Jaegerlumber web site\_borders\produc10.jpg --> www.jaegerlumber.com /public_html/_borders produc10.jpg
2002.10.01 21:14 B D:\JAEGER LUMBER\Jaegerlumber web site\_borders\produc11.jpg --> www.jaegerlumber.com /public_html/_borders produc11.jpg
2002.10.01 21:14 B D:\JAEGER LUMBER\Jaegerlumber web site\_borders\produc12.jpg --> www.jaegerlumber.com /public_html/_borders produc12.jpg
2002.10.01 21:14 B D:\JAEGER LUMBER\Jaegerlumber web site\_borders\produc13.jpg --> www.jaegerlumber.com /public_html/_borders produc13.jpg
2002.10.01 21:14 B D:\JAEGER LUMBER\Jaegerlumber web site\_borders\produc14.jpg --> www.jaegerlumber.com /public_html/_borders produc14.jpg
2002.10.01 21:14 B D:\JAEGER LUMBER\Jaegerlumber web site\_borders\produc2.jpg --> www.jaegerlumber.com /public_html/_borders produc2.jpg
2002.10.01 21:14 B D:\JAEGER LUMBER\Jaegerlumber web site\_borders\produc3.jpg --> www.jaegerlumber.com /public_html/_borders produc3.jpg
2002.10.01 21:14 B D:\JAEGER LUMBER\Jaegerlumber web site\_borders\produc4.jpg --> www.jaegerlumber.com /public_html/_borders produc4.jpg
2002.10.01 21:14 B D:\JAEGER LUMBER\Jaegerlumber web site\_borders\produc5.jpg --> www.jaegerlumber.com /public_html/_borders produc5.jpg
2002.10.01 21:14 B D:\JAEGER LUMBER\Jaegerlumber web site\_borders\produc6.jpg --> www.jaegerlumber.com /public_html/_borders produc6.jpg
2002.10.01 21:14 B D:\JAEGER LUMBER\Jaegerlumber web site\_borders\produc7.jpg --> www.jaegerlumber.com /public_html/_borders produc7.jpg
2002.10.01 21:14 B D:\JAEGER LUMBER\Jaegerlumber web site\_borders\produc8.jpg --> www.jaegerlumber.com /public_html/_borders produc8.jpg
2002.10.01 21:14 B D:\JAEGER LUMBER\Jaegerlumber web site\_borders\produc9.jpg --> www.jaegerlumber.com /public_html/_borders produc9.jpg
2002.10.01 21:14 B D:\JAEGER LUMBER\Jaegerlumber web site\_borders\serv011.jpg --> www.jaegerlumber.com /public_html/_borders serv011.jpg
2002.10.01 21:14 B D:\JAEGER LUMBER\Jaegerlumber web site\_borders\serv012.jpg --> www.jaegerlumber.com /public_html/_borders serv012.jpg
2002.10.01 21:15 B D:\JAEGER LUMBER\Jaegerlumber web site\_borders\serv013.jpg --> www.jaegerlumber.com /public_html/_borders serv013.jpg
2002.10.01 21:15 B D:\JAEGER LUMBER\Jaegerlumber web site\_borders\serv021.jpg --> www.jaegerlumber.com /public_html/_borders serv021.jpg
2002.10.01 21:15 B D:\JAEGER LUMBER\Jaegerlumber web site\_borders\shield.gif --> www.jaegerlumber.com /public_html/_borders shield.gif
2002.10.01 21:15 B D:\JAEGER LUMBER\Jaegerlumber web site\_borders\simpson_small.gif --> www.jaegerlumber.com /public_html/_borders simpson_small.gif
2002.10.01 21:15 B D:\JAEGER LUMBER\Jaegerlumber web site\_borders\Thumbs.db --> www.jaegerlumber.com /public_html/_borders Thumbs.db
2002.10.01 21:15 B D:\JAEGER LUMBER\Jaegerlumber web site\_borders\top.ht1.jpg --> www.jaegerlumber.com /public_html/_borders top.ht1.jpg
2002.10.01 21:15 B D:\JAEGER LUMBER\Jaegerlumber web site\_borders\top.ht15.jpg --> www.jaegerlumber.com /public_html/_borders top.ht15.jpg
2002.10.01 21:15 B D:\JAEGER LUMBER\Jaegerlumber web site\_borders\top.ht16.jpg --> www.jaegerlumber.com /public_html/_borders top.ht16.jpg
2002.10.01 21:15 B D:\JAEGER LUMBER\Jaegerlumber web site\_borders\top.htm --> www.jaegerlumber.com /public_html/_borders top.htm
2002.10.01 21:15 B D:\JAEGER LUMBER\Jaegerlumber web site\_borders\velux.gif --> www.jaegerlumber.com /public_html/_borders velux.gif
2002.10.01 21:15 B D:\JAEGER LUMBER\Jaegerlumber web site\_borders\weathe1.jpg --> www.jaegerlumber.com /public_html/_borders weathe1.jpg
2002.10.01 21:15 B D:\JAEGER LUMBER\Jaegerlumber web site\_borders\weather3.gif --> www.jaegerlumber.com /public_html/_borders weather3.gif
